# JRE version: Java(TM) SE Runtime Environment (8.0_11-b12) (build 1.8.0_11-b12)
# Java VM: Java HotSpot(TM) 64-Bit Server VM (25.11-b03 mixed mode windows-amd64 compressed oops)
Heap:
 PSYoungGen      total 118784K, used 65609K [0x00000000d5c00000, 0x00000000de500000, 0x0000000100000000)
  eden space 104960K, 62% used [0x00000000d5c00000,0x00000000d9c12418,0x00000000dc280000)
  from space 13824K, 0% used [0x00000000dc280000,0x00000000dc280000,0x00000000dd000000)
  to   space 14848K, 0% used [0x00000000dd680000,0x00000000dd680000,0x00000000de500000)
 ParOldGen       total 27648K, used 16400K [0x0000000081400000, 0x0000000082f00000, 0x00000000d5c00000)
  object space 27648K, 59% used [0x0000000081400000,0x0000000082404348,0x0000000082f00000)
 Metaspace       used 53195K, capacity 55728K, committed 56064K, reserved 1097728K
  class space    used 7241K, capacity 7848K, committed 7936K, reserved 1048576K
GC Heap History (10 events):
Event: 8.126 GC heap before
{Heap before GC invocations=29 (full 3):
 PSYoungGen      total 109056K, used 108424K [0x00000000d5c00000, 0x00000000dda80000, 0x0000000100000000)
  eden space 99840K, 100% used [0x00000000d5c00000,0x00000000dbd80000,0x00000000dbd80000)
  from space 9216K, 93% used [0x00000000dbd80000,0x00000000dc5e22f8,0x00000000dc680000)
  to   space 10752K, 0% used [0x00000000dd000000,0x00000000dd000000,0x00000000dda80000)
 ParOldGen       total 18432K, used 12690K [0x0000000081400000, 0x0000000082600000, 0x00000000d5c00000)
  object space 18432K, 68% used [0x0000000081400000,0x0000000082064a38,0x0000000082600000)
 Metaspace       used 45356K, capacity 47566K, committed 47872K, reserved 1091584K
  class space    used 6044K, capacity 6559K, committed 6656K, reserved 1048576K
Event: 8.135 GC heap after
Heap after GC invocations=29 (full 3):
 PSYoungGen      total 115712K, used 10749K [0x00000000d5c00000, 0x00000000de100000, 0x0000000100000000)
  eden space 104960K, 0% used [0x00000000d5c00000,0x00000000d5c00000,0x00000000dc280000)
  from space 10752K, 99% used [0x00000000dd000000,0x00000000dda7f710,0x00000000dda80000)
  to   space 13824K, 0% used [0x00000000dc280000,0x00000000dc280000,0x00000000dd000000)
 ParOldGen       total 18432K, used 16037K [0x0000000081400000, 0x0000000082600000, 0x00000000d5c00000)
  object space 18432K, 87% used [0x0000000081400000,0x00000000823a9768,0x0000000082600000)
 Metaspace       used 45356K, capacity 47566K, committed 47872K, reserved 1091584K
  class space    used 6044K, capacity 6559K, committed 6656K, reserved 1048576K
}
Event: 8.135 GC heap before
{Heap before GC invocations=30 (full 4):
 PSYoungGen      total 115712K, used 10749K [0x00000000d5c00000, 0x00000000de100000, 0x0000000100000000)
  eden space 104960K, 0% used [0x00000000d5c00000,0x00000000d5c00000,0x00000000dc280000)
  from space 10752K, 99% used [0x00000000dd000000,0x00000000dda7f710,0x00000000dda80000)
  to   space 13824K, 0% used [0x00000000dc280000,0x00000000dc280000,0x00000000dd000000)
 ParOldGen       total 18432K, used 16037K [0x0000000081400000, 0x0000000082600000, 0x00000000d5c00000)
  object space 18432K, 87% used [0x0000000081400000,0x00000000823a9768,0x0000000082600000)
 Metaspace       used 45356K, capacity 47566K, committed 47872K, reserved 1091584K
  class space    used 6044K, capacity 6559K, committed 6656K, reserved 1048576K
Event: 8.330 GC heap after
Heap after GC invocations=30 (full 4):
 PSYoungGen      total 115712K, used 7747K [0x00000000d5c00000, 0x00000000de100000, 0x0000000100000000)
  eden space 104960K, 0% used [0x00000000d5c00000,0x00000000d5c00000,0x00000000dc280000)
  from space 10752K, 72% used [0x00000000dd000000,0x00000000dd790d98,0x00000000dda80000)
  to   space 13824K, 0% used [0x00000000dc280000,0x00000000dc280000,0x00000000dd000000)
 ParOldGen       total 27648K, used 18204K [0x0000000081400000, 0x0000000082f00000, 0x00000000d5c00000)
  object space 27648K, 65% used [0x0000000081400000,0x00000000825c73d8,0x0000000082f00000)
 Metaspace       used 45356K, capacity 47566K, committed 47872K, reserved 1091584K
  class space    used 6044K, capacity 6559K, committed 6656K, reserved 1048576K
}
Event: 9.365 GC heap before
{Heap before GC invocations=31 (full 4):
 PSYoungGen      total 115712K, used 112707K [0x00000000d5c00000, 0x00000000de100000, 0x0000000100000000)
  eden space 104960K, 100% used [0x00000000d5c00000,0x00000000dc280000,0x00000000dc280000)
  from space 10752K, 72% used [0x00000000dd000000,0x00000000dd790d98,0x00000000dda80000)
  to   space 13824K, 0% used [0x00000000dc280000,0x00000000dc280000,0x00000000dd000000)
 ParOldGen       total 27648K, used 18204K [0x0000000081400000, 0x0000000082f00000, 0x00000000d5c00000)
  object space 27648K, 65% used [0x0000000081400000,0x00000000825c73d8,0x0000000082f00000)
 Metaspace       used 51169K, capacity 53508K, committed 53888K, reserved 1095680K
  class space    used 6926K, capacity 7466K, committed 7552K, reserved 1048576K
Event: 9.373 GC heap after
Heap after GC invocations=31 (full 4):
 PSYoungGen      total 118784K, used 10862K [0x00000000d5c00000, 0x00000000de500000, 0x0000000100000000)
  eden space 104960K, 0% used [0x00000000d5c00000,0x00000000d5c00000,0x00000000dc280000)
  from space 13824K, 78% used [0x00000000dc280000,0x00000000dcd1bad0,0x00000000dd000000)
  to   space 14848K, 0% used [0x00000000dd680000,0x00000000dd680000,0x00000000de500000)
 ParOldGen       total 27648K, used 19740K [0x0000000081400000, 0x0000000082f00000, 0x00000000d5c00000)
  object space 27648K, 71% used [0x0000000081400000,0x00000000827473d8,0x0000000082f00000)
 Metaspace       used 51169K, capacity 53508K, committed 53888K, reserved 1095680K
  class space    used 6926K, capacity 7466K, committed 7552K, reserved 1048576K
}
Event: 9.648 GC heap before
{Heap before GC invocations=32 (full 4):
 PSYoungGen      total 118784K, used 115822K [0x00000000d5c00000, 0x00000000de500000, 0x0000000100000000)
  eden space 104960K, 100% used [0x00000000d5c00000,0x00000000dc280000,0x00000000dc280000)
  from space 13824K, 78% used [0x00000000dc280000,0x00000000dcd1bad0,0x00000000dd000000)
  to   space 14848K, 0% used [0x00000000dd680000,0x00000000dd680000,0x00000000de500000)
 ParOldGen       total 27648K, used 19740K [0x0000000081400000, 0x0000000082f00000, 0x00000000d5c00000)
  object space 27648K, 71% used [0x0000000081400000,0x00000000827473d8,0x0000000082f00000)
 Metaspace       used 53185K, capacity 55696K, committed 56064K, reserved 1097728K
  class space    used 7237K, capacity 7816K, committed 7936K, reserved 1048576K
Event: 9.666 GC heap after
Heap after GC invocations=32 (full 4):
 PSYoungGen      total 118784K, used 115822K [0x00000000d5c00000, 0x00000000de500000, 0x0000000100000000)
  eden space 104960K, 100% used [0x00000000d5c00000,0x00000000dc280000,0x00000000dc280000)
  from space 13824K, 78% used [0x00000000dc280000,0x00000000dcd1bad0,0x00000000dd000000)
  to   space 14848K, 54% used [0x00000000dd680000,0x00000000dde71f40,0x00000000de500000)
 ParOldGen       total 27648K, used 19748K [0x0000000081400000, 0x0000000082f00000, 0x00000000d5c00000)
  object space 27648K, 71% used [0x0000000081400000,0x00000000827493d8,0x0000000082f00000)
 Metaspace       used 53185K, capacity 55696K, committed 56064K, reserved 1097728K
  class space    used 7237K, capacity 7816K, committed 7936K, reserved 1048576K
}
Event: 9.666 GC heap before
{Heap before GC invocations=33 (full 5):
 PSYoungGen      total 118784K, used 115822K [0x00000000d5c00000, 0x00000000de500000, 0x0000000100000000)
  eden space 104960K, 100% used [0x00000000d5c00000,0x00000000dc280000,0x00000000dc280000)
  from space 13824K, 78% used [0x00000000dc280000,0x00000000dcd1bad0,0x00000000dd000000)
  to   space 14848K, 54% used [0x00000000dd680000,0x00000000dde71f40,0x00000000de500000)
 ParOldGen       total 27648K, used 19748K [0x0000000081400000, 0x0000000082f00000, 0x00000000d5c00000)
  object space 27648K, 71% used [0x0000000081400000,0x00000000827493d8,0x0000000082f00000)
 Metaspace       used 53185K, capacity 55696K, committed 56064K, reserved 1097728K
  class space    used 7237K, capacity 7816K, committed 7936K, reserved 1048576K
Event: 9.841 GC heap after
Heap after GC invocations=33 (full 5):
 PSYoungGen      total 118784K, used 57026K [0x00000000d5c00000, 0x00000000de500000, 0x0000000100000000)
  eden space 104960K, 54% used [0x00000000d5c00000,0x00000000d93b08e8,0x00000000dc280000)
  from space 13824K, 0% used [0x00000000dc280000,0x00000000dc280000,0x00000000dd000000)
  to   space 14848K, 0% used [0x00000000dd680000,0x00000000dd680000,0x00000000de500000)
 ParOldGen       total 27648K, used 16400K [0x0000000081400000, 0x0000000082f00000, 0x00000000d5c00000)
  object space 27648K, 59% used [0x0000000081400000,0x0000000082404348,0x0000000082f00000)
 Metaspace       used 53185K, capacity 55696K, committed 56064K, reserved 1097728K
  class space    used 7237K, capacity 7816K, committed 7936K, reserved 1048576K
}

