# JRE version: Java(TM) SE Runtime Environment (8.0_11-b12) (build 1.8.0_11-b12)
# Java VM: Java HotSpot(TM) 64-Bit Server VM (25.11-b03 mixed mode windows-amd64 compressed oops)
Heap:
 PSYoungGen      total 104448K, used 27583K [0x00000000d5c00000, 0x00000000dd780000, 0x0000000100000000)
  eden space 92672K, 29% used [0x00000000d5c00000,0x00000000d76efc50,0x00000000db680000)
  from space 11776K, 0% used [0x00000000db680000,0x00000000db680000,0x00000000dc200000)
  to   space 11776K, 0% used [0x00000000dcc00000,0x00000000dcc00000,0x00000000dd780000)
 ParOldGen       total 98304K, used 71650K [0x0000000081400000, 0x0000000087400000, 0x00000000d5c00000)
  object space 98304K, 72% used [0x0000000081400000,0x00000000859f8bb8,0x0000000087400000)
 Metaspace       used 52811K, capacity 55570K, committed 55808K, reserved 1097728K
  class space    used 7227K, capacity 7835K, committed 7936K, reserved 1048576K
GC Heap History (10 events):
Event: 8.512 GC heap before
{Heap before GC invocations=31 (full 3):
 PSYoungGen      total 95744K, used 8081K [0x00000000d5c00000, 0x00000000dc580000, 0x0000000100000000)
  eden space 87552K, 0% used [0x00000000d5c00000,0x00000000d5c00000,0x00000000db180000)
  from space 8192K, 98% used [0x00000000dbb00000,0x00000000dc2e47c0,0x00000000dc300000)
  to   space 9728K, 0% used [0x00000000db180000,0x00000000db180000,0x00000000dbb00000)
 ParOldGen       total 18432K, used 17028K [0x0000000081400000, 0x0000000082600000, 0x00000000d5c00000)
  object space 18432K, 92% used [0x0000000081400000,0x00000000824a1150,0x0000000082600000)
 Metaspace       used 38683K, capacity 40602K, committed 40960K, reserved 1085440K
  class space    used 5166K, capacity 5545K, committed 5632K, reserved 1048576K
Event: 8.637 GC heap after
Heap after GC invocations=31 (full 3):
 PSYoungGen      total 95744K, used 3228K [0x00000000d5c00000, 0x00000000dc580000, 0x0000000100000000)
  eden space 87552K, 0% used [0x00000000d5c00000,0x00000000d5c00000,0x00000000db180000)
  from space 8192K, 39% used [0x00000000dbb00000,0x00000000dbe27278,0x00000000dc300000)
  to   space 9728K, 0% used [0x00000000db180000,0x00000000db180000,0x00000000dbb00000)
 ParOldGen       total 25088K, used 18051K [0x0000000081400000, 0x0000000082c80000, 0x00000000d5c00000)
  object space 25088K, 71% used [0x0000000081400000,0x00000000825a0c10,0x0000000082c80000)
 Metaspace       used 38683K, capacity 40602K, committed 40960K, reserved 1085440K
  class space    used 5166K, capacity 5545K, committed 5632K, reserved 1048576K
}
Event: 9.756 GC heap before
{Heap before GC invocations=32 (full 3):
 PSYoungGen      total 95744K, used 90780K [0x00000000d5c00000, 0x00000000dc580000, 0x0000000100000000)
  eden space 87552K, 100% used [0x00000000d5c00000,0x00000000db180000,0x00000000db180000)
  from space 8192K, 39% used [0x00000000dbb00000,0x00000000dbe27278,0x00000000dc300000)
  to   space 9728K, 0% used [0x00000000db180000,0x00000000db180000,0x00000000dbb00000)
 ParOldGen       total 25088K, used 18051K [0x0000000081400000, 0x0000000082c80000, 0x00000000d5c00000)
  object space 25088K, 71% used [0x0000000081400000,0x00000000825a0c10,0x0000000082c80000)
 Metaspace       used 45201K, capacity 47446K, committed 47616K, reserved 1089536K
  class space    used 6053K, capacity 6603K, committed 6656K, reserved 1048576K
Event: 9.763 GC heap after
Heap after GC invocations=32 (full 3):
 PSYoungGen      total 97280K, used 8067K [0x00000000d5c00000, 0x00000000dcc80000, 0x0000000100000000)
  eden space 87552K, 0% used [0x00000000d5c00000,0x00000000d5c00000,0x00000000db180000)
  from space 9728K, 82% used [0x00000000db180000,0x00000000db960ca0,0x00000000dbb00000)
  to   space 10752K, 0% used [0x00000000dc200000,0x00000000dc200000,0x00000000dcc80000)
 ParOldGen       total 25088K, used 18059K [0x0000000081400000, 0x0000000082c80000, 0x00000000d5c00000)
  object space 25088K, 71% used [0x0000000081400000,0x00000000825a2c10,0x0000000082c80000)
 Metaspace       used 45201K, capacity 47446K, committed 47616K, reserved 1089536K
  class space    used 6053K, capacity 6603K, committed 6656K, reserved 1048576K
}
Event: 10.753 GC heap before
{Heap before GC invocations=33 (full 3):
 PSYoungGen      total 97280K, used 95619K [0x00000000d5c00000, 0x00000000dcc80000, 0x0000000100000000)
  eden space 87552K, 100% used [0x00000000d5c00000,0x00000000db180000,0x00000000db180000)
  from space 9728K, 82% used [0x00000000db180000,0x00000000db960ca0,0x00000000dbb00000)
  to   space 10752K, 0% used [0x00000000dc200000,0x00000000dc200000,0x00000000dcc80000)
 ParOldGen       total 25088K, used 18059K [0x0000000081400000, 0x0000000082c80000, 0x00000000d5c00000)
  object space 25088K, 71% used [0x0000000081400000,0x00000000825a2c10,0x0000000082c80000)
 Metaspace       used 49943K, capacity 52306K, committed 52480K, reserved 1093632K
  class space    used 6783K, capacity 7341K, committed 7424K, reserved 1048576K
Event: 10.761 GC heap after
Heap after GC invocations=33 (full 3):
 PSYoungGen      total 103424K, used 8730K [0x00000000d5c00000, 0x00000000dce00000, 0x0000000100000000)
  eden space 92672K, 0% used [0x00000000d5c00000,0x00000000d5c00000,0x00000000db680000)
  from space 10752K, 81% used [0x00000000dc200000,0x00000000dca86b00,0x00000000dcc80000)
  to   space 11776K, 0% used [0x00000000db680000,0x00000000db680000,0x00000000dc200000)
 ParOldGen       total 25088K, used 18067K [0x0000000081400000, 0x0000000082c80000, 0x00000000d5c00000)
  object space 25088K, 72% used [0x0000000081400000,0x00000000825a4c10,0x0000000082c80000)
 Metaspace       used 49943K, capacity 52306K, committed 52480K, reserved 1093632K
  class space    used 6783K, capacity 7341K, committed 7424K, reserved 1048576K
}
Event: 11.289 GC heap before
{Heap before GC invocations=34 (full 3):
 PSYoungGen      total 103424K, used 101402K [0x00000000d5c00000, 0x00000000dce00000, 0x0000000100000000)
  eden space 92672K, 100% used [0x00000000d5c00000,0x00000000db680000,0x00000000db680000)
  from space 10752K, 81% used [0x00000000dc200000,0x00000000dca86b00,0x00000000dcc80000)
  to   space 11776K, 0% used [0x00000000db680000,0x00000000db680000,0x00000000dc200000)
 ParOldGen       total 25088K, used 18067K [0x0000000081400000, 0x0000000082c80000, 0x00000000d5c00000)
  object space 25088K, 72% used [0x0000000081400000,0x00000000825a4c10,0x0000000082c80000)
 Metaspace       used 51981K, capacity 54460K, committed 54528K, reserved 1095680K
  class space    used 7075K, capacity 7638K, committed 7680K, reserved 1048576K
Event: 11.314 GC heap after
Heap after GC invocations=34 (full 3):
 PSYoungGen      total 104448K, used 6249K [0x00000000d5c00000, 0x00000000dd780000, 0x0000000100000000)
  eden space 92672K, 0% used [0x00000000d5c00000,0x00000000d5c00000,0x00000000db680000)
  from space 11776K, 53% used [0x00000000db680000,0x00000000dbc9a6d8,0x00000000dc200000)
  to   space 11776K, 0% used [0x00000000dcc00000,0x00000000dcc00000,0x00000000dd780000)
 ParOldGen       total 75776K, used 67227K [0x0000000081400000, 0x0000000085e00000, 0x00000000d5c00000)
  object space 75776K, 88% used [0x0000000081400000,0x00000000855a6c40,0x0000000085e00000)
 Metaspace       used 51981K, capacity 54460K, committed 54528K, reserved 1095680K
  class space    used 7075K, capacity 7638K, committed 7680K, reserved 1048576K
}
Event: 11.314 GC heap before
{Heap before GC invocations=35 (full 4):
 PSYoungGen      total 104448K, used 6249K [0x00000000d5c00000, 0x00000000dd780000, 0x0000000100000000)
  eden space 92672K, 0% used [0x00000000d5c00000,0x00000000d5c00000,0x00000000db680000)
  from space 11776K, 53% used [0x00000000db680000,0x00000000dbc9a6d8,0x00000000dc200000)
  to   space 11776K, 0% used [0x00000000dcc00000,0x00000000dcc00000,0x00000000dd780000)
 ParOldGen       total 75776K, used 67227K [0x0000000081400000, 0x0000000085e00000, 0x00000000d5c00000)
  object space 75776K, 88% used [0x0000000081400000,0x00000000855a6c40,0x0000000085e00000)
 Metaspace       used 51981K, capacity 54460K, committed 54528K, reserved 1095680K
  class space    used 7075K, capacity 7638K, committed 7680K, reserved 1048576K
Event: 11.522 GC heap after
Heap after GC invocations=35 (full 4):
 PSYoungGen      total 104448K, used 0K [0x00000000d5c00000, 0x00000000dd780000, 0x0000000100000000)
  eden space 92672K, 0% used [0x00000000d5c00000,0x00000000d5c00000,0x00000000db680000)
  from space 11776K, 0% used [0x00000000db680000,0x00000000db680000,0x00000000dc200000)
  to   space 11776K, 0% used [0x00000000dcc00000,0x00000000dcc00000,0x00000000dd780000)
 ParOldGen       total 98304K, used 71650K [0x0000000081400000, 0x0000000087400000, 0x00000000d5c00000)
  object space 98304K, 72% used [0x0000000081400000,0x00000000859f8bb8,0x0000000087400000)
 Metaspace       used 51981K, capacity 54460K, committed 54528K, reserved 1095680K
  class space    used 7075K, capacity 7638K, committed 7680K, reserved 1048576K
}

