# JRE version: Java(TM) SE Runtime Environment (8.0_11-b12) (build 1.8.0_11-b12)
# Java VM: Java HotSpot(TM) 64-Bit Server VM (25.11-b03 mixed mode windows-amd64 compressed oops)
Heap:
 PSYoungGen      total 91136K, used 68900K [0x00000000d5c00000, 0x00000000dd180000, 0x0000000100000000)
  eden space 81408K, 84% used [0x00000000d5c00000,0x00000000d9f49318,0x00000000dab80000)
  from space 9728K, 0% used [0x00000000dab80000,0x00000000dab80000,0x00000000db500000)
  to   space 17920K, 0% used [0x00000000dc000000,0x00000000dc000000,0x00000000dd180000)
 ParOldGen       total 102912K, used 94296K [0x0000000081400000, 0x0000000087880000, 0x00000000d5c00000)
  object space 102912K, 91% used [0x0000000081400000,0x0000000087016140,0x0000000087880000)
 Metaspace       used 63505K, capacity 66272K, committed 66560K, reserved 1105920K
  class space    used 8785K, capacity 9406K, committed 9472K, reserved 1048576K
GC Heap History (10 events):
Event: 12.951 GC heap before
{Heap before GC invocations=46 (full 6):
 PSYoungGen      total 89088K, used 2651K [0x00000000d5c00000, 0x00000000dbe00000, 0x0000000100000000)
  eden space 78848K, 0% used [0x00000000d5c00000,0x00000000d5c00000,0x00000000da900000)
  from space 10240K, 25% used [0x00000000db400000,0x00000000db696d68,0x00000000dbe00000)
  to   space 10752K, 0% used [0x00000000da900000,0x00000000da900000,0x00000000db380000)
 ParOldGen       total 78848K, used 72170K [0x0000000081400000, 0x0000000086100000, 0x00000000d5c00000)
  object space 78848K, 91% used [0x0000000081400000,0x0000000085a7ab08,0x0000000086100000)
 Metaspace       used 53368K, capacity 55950K, committed 56064K, reserved 1097728K
  class space    used 7266K, capacity 7851K, committed 7936K, reserved 1048576K
Event: 13.028 GC heap after
Heap after GC invocations=46 (full 6):
 PSYoungGen      total 89088K, used 0K [0x00000000d5c00000, 0x00000000dbe00000, 0x0000000100000000)
  eden space 78848K, 0% used [0x00000000d5c00000,0x00000000d5c00000,0x00000000da900000)
  from space 10240K, 0% used [0x00000000db400000,0x00000000db400000,0x00000000dbe00000)
  to   space 10752K, 0% used [0x00000000da900000,0x00000000da900000,0x00000000db380000)
 ParOldGen       total 102912K, used 73501K [0x0000000081400000, 0x0000000087880000, 0x00000000d5c00000)
  object space 102912K, 71% used [0x0000000081400000,0x0000000085bc7550,0x0000000087880000)
 Metaspace       used 53368K, capacity 55950K, committed 56064K, reserved 1097728K
  class space    used 7266K, capacity 7851K, committed 7936K, reserved 1048576K
}
Event: 15.822 GC heap before
{Heap before GC invocations=47 (full 6):
 PSYoungGen      total 89088K, used 78848K [0x00000000d5c00000, 0x00000000dbe00000, 0x0000000100000000)
  eden space 78848K, 100% used [0x00000000d5c00000,0x00000000da900000,0x00000000da900000)
  from space 10240K, 0% used [0x00000000db400000,0x00000000db400000,0x00000000dbe00000)
  to   space 10752K, 0% used [0x00000000da900000,0x00000000da900000,0x00000000db380000)
 ParOldGen       total 102912K, used 73501K [0x0000000081400000, 0x0000000087880000, 0x00000000d5c00000)
  object space 102912K, 71% used [0x0000000081400000,0x0000000085bc7550,0x0000000087880000)
 Metaspace       used 54226K, capacity 56858K, committed 56960K, reserved 1097728K
  class space    used 7386K, capacity 7967K, committed 8064K, reserved 1048576K
Event: 15.826 GC heap after
Heap after GC invocations=47 (full 6):
 PSYoungGen      total 89600K, used 2880K [0x00000000d5c00000, 0x00000000dc080000, 0x0000000100000000)
  eden space 78848K, 0% used [0x00000000d5c00000,0x00000000d5c00000,0x00000000da900000)
  from space 10752K, 26% used [0x00000000da900000,0x00000000dabd0000,0x00000000db380000)
  to   space 10752K, 0% used [0x00000000db600000,0x00000000db600000,0x00000000dc080000)
 ParOldGen       total 102912K, used 73509K [0x0000000081400000, 0x0000000087880000, 0x00000000d5c00000)
  object space 102912K, 71% used [0x0000000081400000,0x0000000085bc9550,0x0000000087880000)
 Metaspace       used 54226K, capacity 56858K, committed 56960K, reserved 1097728K
  class space    used 7386K, capacity 7967K, committed 8064K, reserved 1048576K
}
Event: 16.405 GC heap before
{Heap before GC invocations=48 (full 6):
 PSYoungGen      total 89600K, used 81728K [0x00000000d5c00000, 0x00000000dc080000, 0x0000000100000000)
  eden space 78848K, 100% used [0x00000000d5c00000,0x00000000da900000,0x00000000da900000)
  from space 10752K, 26% used [0x00000000da900000,0x00000000dabd0000,0x00000000db380000)
  to   space 10752K, 0% used [0x00000000db600000,0x00000000db600000,0x00000000dc080000)
 ParOldGen       total 102912K, used 73509K [0x0000000081400000, 0x0000000087880000, 0x00000000d5c00000)
  object space 102912K, 71% used [0x0000000081400000,0x0000000085bc9550,0x0000000087880000)
 Metaspace       used 55846K, capacity 58546K, committed 58752K, reserved 1099776K
  class space    used 7628K, capacity 8213K, committed 8320K, reserved 1048576K
Event: 16.410 GC heap after
Heap after GC invocations=48 (full 6):
 PSYoungGen      total 90112K, used 4359K [0x00000000d5c00000, 0x00000000dbe80000, 0x0000000100000000)
  eden space 81408K, 0% used [0x00000000d5c00000,0x00000000d5c00000,0x00000000dab80000)
  from space 8704K, 50% used [0x00000000db600000,0x00000000dba41f40,0x00000000dbe80000)
  to   space 9728K, 0% used [0x00000000dab80000,0x00000000dab80000,0x00000000db500000)
 ParOldGen       total 102912K, used 73517K [0x0000000081400000, 0x0000000087880000, 0x00000000d5c00000)
  object space 102912K, 71% used [0x0000000081400000,0x0000000085bcb550,0x0000000087880000)
 Metaspace       used 55846K, capacity 58546K, committed 58752K, reserved 1099776K
  class space    used 7628K, capacity 8213K, committed 8320K, reserved 1048576K
}
Event: 17.200 GC heap before
{Heap before GC invocations=49 (full 6):
 PSYoungGen      total 90112K, used 85767K [0x00000000d5c00000, 0x00000000dbe80000, 0x0000000100000000)
  eden space 81408K, 100% used [0x00000000d5c00000,0x00000000dab80000,0x00000000dab80000)
  from space 8704K, 50% used [0x00000000db600000,0x00000000dba41f40,0x00000000dbe80000)
  to   space 9728K, 0% used [0x00000000dab80000,0x00000000dab80000,0x00000000db500000)
 ParOldGen       total 102912K, used 73517K [0x0000000081400000, 0x0000000087880000, 0x00000000d5c00000)
  object space 102912K, 71% used [0x0000000081400000,0x0000000085bcb550,0x0000000087880000)
 Metaspace       used 59164K, capacity 61840K, committed 62080K, reserved 1101824K
  class space    used 8140K, capacity 8746K, committed 8832K, reserved 1048576K
Event: 17.219 GC heap after
Heap after GC invocations=49 (full 6):
 PSYoungGen      total 91136K, used 9704K [0x00000000d5c00000, 0x00000000dd180000, 0x0000000100000000)
  eden space 81408K, 0% used [0x00000000d5c00000,0x00000000d5c00000,0x00000000dab80000)
  from space 9728K, 99% used [0x00000000dab80000,0x00000000db4fa000,0x00000000db500000)
  to   space 17920K, 0% used [0x00000000dc000000,0x00000000dc000000,0x00000000dd180000)
 ParOldGen       total 102912K, used 91422K [0x0000000081400000, 0x0000000087880000, 0x00000000d5c00000)
  object space 102912K, 88% used [0x0000000081400000,0x0000000086d47a90,0x0000000087880000)
 Metaspace       used 59164K, capacity 61840K, committed 62080K, reserved 1101824K
  class space    used 8140K, capacity 8746K, committed 8832K, reserved 1048576K
}
Event: 17.219 GC heap before
{Heap before GC invocations=50 (full 7):
 PSYoungGen      total 91136K, used 9704K [0x00000000d5c00000, 0x00000000dd180000, 0x0000000100000000)
  eden space 81408K, 0% used [0x00000000d5c00000,0x00000000d5c00000,0x00000000dab80000)
  from space 9728K, 99% used [0x00000000dab80000,0x00000000db4fa000,0x00000000db500000)
  to   space 17920K, 0% used [0x00000000dc000000,0x00000000dc000000,0x00000000dd180000)
 ParOldGen       total 102912K, used 91422K [0x0000000081400000, 0x0000000087880000, 0x00000000d5c00000)
  object space 102912K, 88% used [0x0000000081400000,0x0000000086d47a90,0x0000000087880000)
 Metaspace       used 59164K, capacity 61840K, committed 62080K, reserved 1101824K
  class space    used 8140K, capacity 8746K, committed 8832K, reserved 1048576K
Event: 17.385 GC heap after
Heap after GC invocations=50 (full 7):
 PSYoungGen      total 91136K, used 0K [0x00000000d5c00000, 0x00000000dd180000, 0x0000000100000000)
  eden space 81408K, 0% used [0x00000000d5c00000,0x00000000d5c00000,0x00000000dab80000)
  from space 9728K, 0% used [0x00000000dab80000,0x00000000dab80000,0x00000000db500000)
  to   space 17920K, 0% used [0x00000000dc000000,0x00000000dc000000,0x00000000dd180000)
 ParOldGen       total 102912K, used 94296K [0x0000000081400000, 0x0000000087880000, 0x00000000d5c00000)
  object space 102912K, 91% used [0x0000000081400000,0x0000000087016140,0x0000000087880000)
 Metaspace       used 59164K, capacity 61840K, committed 62080K, reserved 1101824K
  class space    used 8140K, capacity 8746K, committed 8832K, reserved 1048576K
}

