# JRE version: Java(TM) SE Runtime Environment (8.0_11-b12) (build 1.8.0_11-b12)
# Java VM: Java HotSpot(TM) 64-Bit Server VM (25.11-b03 mixed mode windows-amd64 compressed oops)
Heap:
 PSYoungGen      total 126976K, used 56631K [0x00000000d5c00000, 0x00000000de980000, 0x0000000100000000)
  eden space 114688K, 49% used [0x00000000d5c00000,0x00000000d934dcb8,0x00000000dcc00000)
  from space 12288K, 0% used [0x00000000dda00000,0x00000000dda00000,0x00000000de600000)
  to   space 14336K, 0% used [0x00000000dcc00000,0x00000000dcc00000,0x00000000dda00000)
 ParOldGen       total 144384K, used 133533K [0x0000000081400000, 0x000000008a100000, 0x00000000d5c00000)
  object space 144384K, 92% used [0x0000000081400000,0x00000000896675a8,0x000000008a100000)
 Metaspace       used 68078K, capacity 71572K, committed 71856K, reserved 1112064K
  class space    used 9363K, capacity 10072K, committed 10160K, reserved 1048576K
GC Heap History (10 events):
Event: 9.140 GC heap before
{Heap before GC invocations=35 (full 5):
 PSYoungGen      total 114176K, used 105977K [0x00000000d5c00000, 0x00000000dde80000, 0x0000000100000000)
  eden space 102400K, 100% used [0x00000000d5c00000,0x00000000dc000000,0x00000000dc000000)
  from space 11776K, 30% used [0x00000000dc000000,0x00000000dc37e5b0,0x00000000dcb80000)
  to   space 11264K, 0% used [0x00000000dd380000,0x00000000dd380000,0x00000000dde80000)
 ParOldGen       total 144384K, used 104497K [0x0000000081400000, 0x000000008a100000, 0x00000000d5c00000)
  object space 144384K, 72% used [0x0000000081400000,0x0000000087a0c6d0,0x000000008a100000)
 Metaspace       used 56971K, capacity 60076K, committed 60208K, reserved 1101824K
  class space    used 7829K, capacity 8492K, committed 8496K, reserved 1048576K
Event: 9.147 GC heap after
Heap after GC invocations=35 (full 5):
 PSYoungGen      total 118272K, used 4436K [0x00000000d5c00000, 0x00000000ddc00000, 0x0000000100000000)
  eden space 109568K, 0% used [0x00000000d5c00000,0x00000000d5c00000,0x00000000dc700000)
  from space 8704K, 50% used [0x00000000dd380000,0x00000000dd7d5230,0x00000000ddc00000)
  to   space 10752K, 0% used [0x00000000dc700000,0x00000000dc700000,0x00000000dd180000)
 ParOldGen       total 144384K, used 104505K [0x0000000081400000, 0x000000008a100000, 0x00000000d5c00000)
  object space 144384K, 72% used [0x0000000081400000,0x0000000087a0e6d0,0x000000008a100000)
 Metaspace       used 56971K, capacity 60076K, committed 60208K, reserved 1101824K
  class space    used 7829K, capacity 8492K, committed 8496K, reserved 1048576K
}
Event: 9.911 GC heap before
{Heap before GC invocations=36 (full 5):
 PSYoungGen      total 118272K, used 114004K [0x00000000d5c00000, 0x00000000ddc00000, 0x0000000100000000)
  eden space 109568K, 100% used [0x00000000d5c00000,0x00000000dc700000,0x00000000dc700000)
  from space 8704K, 50% used [0x00000000dd380000,0x00000000dd7d5230,0x00000000ddc00000)
  to   space 10752K, 0% used [0x00000000dc700000,0x00000000dc700000,0x00000000dd180000)
 ParOldGen       total 144384K, used 104505K [0x0000000081400000, 0x000000008a100000, 0x00000000d5c00000)
  object space 144384K, 72% used [0x0000000081400000,0x0000000087a0e6d0,0x000000008a100000)
 Metaspace       used 62237K, capacity 65460K, committed 65712K, reserved 1105920K
  class space    used 8643K, capacity 9332K, committed 9392K, reserved 1048576K
Event: 9.921 GC heap after
Heap after GC invocations=36 (full 5):
 PSYoungGen      total 120320K, used 10743K [0x00000000d5c00000, 0x00000000de600000, 0x0000000100000000)
  eden space 109568K, 0% used [0x00000000d5c00000,0x00000000d5c00000,0x00000000dc700000)
  from space 10752K, 99% used [0x00000000dc700000,0x00000000dd17dea8,0x00000000dd180000)
  to   space 12288K, 0% used [0x00000000dda00000,0x00000000dda00000,0x00000000de600000)
 ParOldGen       total 144384K, used 105040K [0x0000000081400000, 0x000000008a100000, 0x00000000d5c00000)
  object space 144384K, 72% used [0x0000000081400000,0x0000000087a941b8,0x000000008a100000)
 Metaspace       used 62237K, capacity 65460K, committed 65712K, reserved 1105920K
  class space    used 8643K, capacity 9332K, committed 9392K, reserved 1048576K
}
Event: 11.728 GC heap before
{Heap before GC invocations=37 (full 5):
 PSYoungGen      total 120320K, used 103945K [0x00000000d5c00000, 0x00000000de600000, 0x0000000100000000)
  eden space 109568K, 85% used [0x00000000d5c00000,0x00000000db704800,0x00000000dc700000)
  from space 10752K, 99% used [0x00000000dc700000,0x00000000dd17dea8,0x00000000dd180000)
  to   space 12288K, 0% used [0x00000000dda00000,0x00000000dda00000,0x00000000de600000)
 ParOldGen       total 144384K, used 105040K [0x0000000081400000, 0x000000008a100000, 0x00000000d5c00000)
  object space 144384K, 72% used [0x0000000081400000,0x0000000087a941b8,0x000000008a100000)
 Metaspace       used 67042K, capacity 70396K, committed 70448K, reserved 1110016K
  class space    used 9279K, capacity 9992K, committed 10032K, reserved 1048576K
Event: 11.738 GC heap after
Heap after GC invocations=37 (full 5):
 PSYoungGen      total 126976K, used 12173K [0x00000000d5c00000, 0x00000000de980000, 0x0000000100000000)
  eden space 114688K, 0% used [0x00000000d5c00000,0x00000000d5c00000,0x00000000dcc00000)
  from space 12288K, 99% used [0x00000000dda00000,0x00000000de5e3678,0x00000000de600000)
  to   space 14336K, 0% used [0x00000000dcc00000,0x00000000dcc00000,0x00000000dda00000)
 ParOldGen       total 144384K, used 105048K [0x0000000081400000, 0x000000008a100000, 0x00000000d5c00000)
  object space 144384K, 72% used [0x0000000081400000,0x0000000087a961b8,0x000000008a100000)
 Metaspace       used 67042K, capacity 70396K, committed 70448K, reserved 1110016K
  class space    used 9279K, capacity 9992K, committed 10032K, reserved 1048576K
}
Event: 16.759 GC heap before
{Heap before GC invocations=38 (full 5):
 PSYoungGen      total 126976K, used 113676K [0x00000000d5c00000, 0x00000000de980000, 0x0000000100000000)
  eden space 114688K, 88% used [0x00000000d5c00000,0x00000000dbf1f990,0x00000000dcc00000)
  from space 12288K, 99% used [0x00000000dda00000,0x00000000de5e3678,0x00000000de600000)
  to   space 14336K, 0% used [0x00000000dcc00000,0x00000000dcc00000,0x00000000dda00000)
 ParOldGen       total 144384K, used 105048K [0x0000000081400000, 0x000000008a100000, 0x00000000d5c00000)
  object space 144384K, 72% used [0x0000000081400000,0x0000000087a961b8,0x000000008a100000)
 Metaspace       used 68104K, capacity 71642K, committed 71856K, reserved 1112064K
  class space    used 9376K, capacity 10095K, committed 10160K, reserved 1048576K
Event: 16.789 GC heap after
Heap after GC invocations=38 (full 5):
 PSYoungGen      total 126976K, used 113676K [0x00000000d5c00000, 0x00000000de980000, 0x0000000100000000)
  eden space 114688K, 88% used [0x00000000d5c00000,0x00000000dbf1f990,0x00000000dcc00000)
  from space 12288K, 99% used [0x00000000dda00000,0x00000000de5e3678,0x00000000de600000)
  to   space 14336K, 83% used [0x00000000dcc00000,0x00000000dd7a80d0,0x00000000dda00000)
 ParOldGen       total 144384K, used 137824K [0x0000000081400000, 0x000000008a100000, 0x00000000d5c00000)
  object space 144384K, 95% used [0x0000000081400000,0x0000000089a981d8,0x000000008a100000)
 Metaspace       used 68104K, capacity 71642K, committed 71856K, reserved 1112064K
  class space    used 9376K, capacity 10095K, committed 10160K, reserved 1048576K
}
Event: 16.789 GC heap before
{Heap before GC invocations=39 (full 6):
 PSYoungGen      total 126976K, used 113676K [0x00000000d5c00000, 0x00000000de980000, 0x0000000100000000)
  eden space 114688K, 88% used [0x00000000d5c00000,0x00000000dbf1f990,0x00000000dcc00000)
  from space 12288K, 99% used [0x00000000dda00000,0x00000000de5e3678,0x00000000de600000)
  to   space 14336K, 83% used [0x00000000dcc00000,0x00000000dd7a80d0,0x00000000dda00000)
 ParOldGen       total 144384K, used 137824K [0x0000000081400000, 0x000000008a100000, 0x00000000d5c00000)
  object space 144384K, 95% used [0x0000000081400000,0x0000000089a981d8,0x000000008a100000)
 Metaspace       used 68104K, capacity 71642K, committed 71856K, reserved 1112064K
  class space    used 9376K, capacity 10095K, committed 10160K, reserved 1048576K
Event: 16.999 GC heap after
Heap after GC invocations=39 (full 6):
 PSYoungGen      total 126976K, used 27327K [0x00000000d5c00000, 0x00000000de980000, 0x0000000100000000)
  eden space 114688K, 23% used [0x00000000d5c00000,0x00000000d76afc08,0x00000000dcc00000)
  from space 12288K, 0% used [0x00000000dda00000,0x00000000dda00000,0x00000000de600000)
  to   space 14336K, 0% used [0x00000000dcc00000,0x00000000dcc00000,0x00000000dda00000)
 ParOldGen       total 144384K, used 133533K [0x0000000081400000, 0x000000008a100000, 0x00000000d5c00000)
  object space 144384K, 92% used [0x0000000081400000,0x00000000896675a8,0x000000008a100000)
 Metaspace       used 68067K, capacity 71562K, committed 71856K, reserved 1112064K
  class space    used 9362K, capacity 10071K, committed 10160K, reserved 1048576K
}

