# JRE version: Java(TM) SE Runtime Environment (8.0_11-b12) (build 1.8.0_11-b12)
# Java VM: Java HotSpot(TM) 64-Bit Server VM (25.11-b03 mixed mode windows-amd64 compressed oops)
Heap:
 PSYoungGen      total 117760K, used 92075K [0x00000000d5c00000, 0x00000000de100000, 0x0000000100000000)
  eden space 107008K, 76% used [0x00000000d5c00000,0x00000000dab72190,0x00000000dc480000)
  from space 10752K, 99% used [0x00000000dc480000,0x00000000dcef8dc8,0x00000000dcf00000)
  to   space 12800K, 0% used [0x00000000dd480000,0x00000000dd480000,0x00000000de100000)
 ParOldGen       total 147968K, used 106114K [0x0000000081400000, 0x000000008a480000, 0x00000000d5c00000)
  object space 147968K, 71% used [0x0000000081400000,0x0000000087ba0a00,0x000000008a480000)
 Metaspace       used 66061K, capacity 69340K, committed 69552K, reserved 1110016K
  class space    used 9207K, capacity 9900K, committed 9904K, reserved 1048576K
GC Heap History (10 events):
Event: 8.080 GC heap before
{Heap before GC invocations=33 (full 5):
 PSYoungGen      total 110592K, used 97792K [0x00000000d5c00000, 0x00000000dd800000, 0x0000000100000000)
  eden space 97792K, 100% used [0x00000000d5c00000,0x00000000dbb80000,0x00000000dbb80000)
  from space 12800K, 0% used [0x00000000dbb80000,0x00000000dbb80000,0x00000000dc800000)
  to   space 12288K, 0% used [0x00000000dcc00000,0x00000000dcc00000,0x00000000dd800000)
 ParOldGen       total 79872K, used 55460K [0x0000000081400000, 0x0000000086200000, 0x00000000d5c00000)
  object space 79872K, 69% used [0x0000000081400000,0x0000000084a29158,0x0000000086200000)
 Metaspace       used 54071K, capacity 56890K, committed 57008K, reserved 1097728K
  class space    used 7400K, capacity 8031K, committed 8112K, reserved 1048576K
Event: 8.096 GC heap after
Heap after GC invocations=33 (full 5):
 PSYoungGen      total 115200K, used 3354K [0x00000000d5c00000, 0x00000000dd980000, 0x0000000100000000)
  eden space 102912K, 0% used [0x00000000d5c00000,0x00000000d5c00000,0x00000000dc080000)
  from space 12288K, 27% used [0x00000000dcc00000,0x00000000dcf46b40,0x00000000dd800000)
  to   space 11776K, 0% used [0x00000000dc080000,0x00000000dc080000,0x00000000dcc00000)
 ParOldGen       total 113664K, used 104620K [0x0000000081400000, 0x0000000088300000, 0x00000000d5c00000)
  object space 113664K, 92% used [0x0000000081400000,0x0000000087a2b188,0x0000000088300000)
 Metaspace       used 54071K, capacity 56890K, committed 57008K, reserved 1097728K
  class space    used 7400K, capacity 8031K, committed 8112K, reserved 1048576K
}
Event: 8.096 GC heap before
{Heap before GC invocations=34 (full 6):
 PSYoungGen      total 115200K, used 3354K [0x00000000d5c00000, 0x00000000dd980000, 0x0000000100000000)
  eden space 102912K, 0% used [0x00000000d5c00000,0x00000000d5c00000,0x00000000dc080000)
  from space 12288K, 27% used [0x00000000dcc00000,0x00000000dcf46b40,0x00000000dd800000)
  to   space 11776K, 0% used [0x00000000dc080000,0x00000000dc080000,0x00000000dcc00000)
 ParOldGen       total 113664K, used 104620K [0x0000000081400000, 0x0000000088300000, 0x00000000d5c00000)
  object space 113664K, 92% used [0x0000000081400000,0x0000000087a2b188,0x0000000088300000)
 Metaspace       used 54071K, capacity 56890K, committed 57008K, reserved 1097728K
  class space    used 7400K, capacity 8031K, committed 8112K, reserved 1048576K
Event: 8.173 GC heap after
Heap after GC invocations=34 (full 6):
 PSYoungGen      total 115200K, used 0K [0x00000000d5c00000, 0x00000000dd980000, 0x0000000100000000)
  eden space 102912K, 0% used [0x00000000d5c00000,0x00000000d5c00000,0x00000000dc080000)
  from space 12288K, 0% used [0x00000000dcc00000,0x00000000dcc00000,0x00000000dd800000)
  to   space 11776K, 0% used [0x00000000dc080000,0x00000000dc080000,0x00000000dcc00000)
 ParOldGen       total 147968K, used 105202K [0x0000000081400000, 0x000000008a480000, 0x00000000d5c00000)
  object space 147968K, 71% used [0x0000000081400000,0x0000000087abc960,0x000000008a480000)
 Metaspace       used 54071K, capacity 56890K, committed 57008K, reserved 1097728K
  class space    used 7400K, capacity 8031K, committed 8112K, reserved 1048576K
}
Event: 8.662 GC heap before
{Heap before GC invocations=35 (full 6):
 PSYoungGen      total 115200K, used 102912K [0x00000000d5c00000, 0x00000000dd980000, 0x0000000100000000)
  eden space 102912K, 100% used [0x00000000d5c00000,0x00000000dc080000,0x00000000dc080000)
  from space 12288K, 0% used [0x00000000dcc00000,0x00000000dcc00000,0x00000000dd800000)
  to   space 11776K, 0% used [0x00000000dc080000,0x00000000dc080000,0x00000000dcc00000)
 ParOldGen       total 147968K, used 105202K [0x0000000081400000, 0x000000008a480000, 0x00000000d5c00000)
  object space 147968K, 71% used [0x0000000081400000,0x0000000087abc960,0x000000008a480000)
 Metaspace       used 55432K, capacity 58464K, committed 58800K, reserved 1099776K
  class space    used 7591K, capacity 8248K, committed 8368K, reserved 1048576K
Event: 8.665 GC heap after
Heap after GC invocations=35 (full 6):
 PSYoungGen      total 114688K, used 3443K [0x00000000d5c00000, 0x00000000ddb00000, 0x0000000100000000)
  eden space 102912K, 0% used [0x00000000d5c00000,0x00000000d5c00000,0x00000000dc080000)
  from space 11776K, 29% used [0x00000000dc080000,0x00000000dc3dcd58,0x00000000dcc00000)
  to   space 11264K, 0% used [0x00000000dd000000,0x00000000dd000000,0x00000000ddb00000)
 ParOldGen       total 147968K, used 105210K [0x0000000081400000, 0x000000008a480000, 0x00000000d5c00000)
  object space 147968K, 71% used [0x0000000081400000,0x0000000087abe960,0x000000008a480000)
 Metaspace       used 55432K, capacity 58464K, committed 58800K, reserved 1099776K
  class space    used 7591K, capacity 8248K, committed 8368K, reserved 1048576K
}
Event: 9.762 GC heap before
{Heap before GC invocations=36 (full 6):
 PSYoungGen      total 114688K, used 106355K [0x00000000d5c00000, 0x00000000ddb00000, 0x0000000100000000)
  eden space 102912K, 100% used [0x00000000d5c00000,0x00000000dc080000,0x00000000dc080000)
  from space 11776K, 29% used [0x00000000dc080000,0x00000000dc3dcd58,0x00000000dcc00000)
  to   space 11264K, 0% used [0x00000000dd000000,0x00000000dd000000,0x00000000ddb00000)
 ParOldGen       total 147968K, used 105210K [0x0000000081400000, 0x000000008a480000, 0x00000000d5c00000)
  object space 147968K, 71% used [0x0000000081400000,0x0000000087abe960,0x000000008a480000)
 Metaspace       used 57200K, capacity 60362K, committed 60592K, reserved 1101824K
  class space    used 7865K, capacity 8535K, committed 8624K, reserved 1048576K
Event: 9.769 GC heap after
Heap after GC invocations=36 (full 6):
 PSYoungGen      total 116736K, used 4696K [0x00000000d5c00000, 0x00000000dd980000, 0x0000000100000000)
  eden space 107008K, 0% used [0x00000000d5c00000,0x00000000d5c00000,0x00000000dc480000)
  from space 9728K, 48% used [0x00000000dd000000,0x00000000dd496148,0x00000000dd980000)
  to   space 10752K, 0% used [0x00000000dc480000,0x00000000dc480000,0x00000000dcf00000)
 ParOldGen       total 147968K, used 105218K [0x0000000081400000, 0x000000008a480000, 0x00000000d5c00000)
  object space 147968K, 71% used [0x0000000081400000,0x0000000087ac0960,0x000000008a480000)
 Metaspace       used 57200K, capacity 60362K, committed 60592K, reserved 1101824K
  class space    used 7865K, capacity 8535K, committed 8624K, reserved 1048576K
}
Event: 11.153 GC heap before
{Heap before GC invocations=37 (full 6):
 PSYoungGen      total 116736K, used 111704K [0x00000000d5c00000, 0x00000000dd980000, 0x0000000100000000)
  eden space 107008K, 100% used [0x00000000d5c00000,0x00000000dc480000,0x00000000dc480000)
  from space 9728K, 48% used [0x00000000dd000000,0x00000000dd496148,0x00000000dd980000)
  to   space 10752K, 0% used [0x00000000dc480000,0x00000000dc480000,0x00000000dcf00000)
 ParOldGen       total 147968K, used 105218K [0x0000000081400000, 0x000000008a480000, 0x00000000d5c00000)
  object space 147968K, 71% used [0x0000000081400000,0x0000000087ac0960,0x000000008a480000)
 Metaspace       used 62866K, capacity 66094K, committed 66352K, reserved 1105920K
  class space    used 8739K, capacity 9431K, committed 9520K, reserved 1048576K
Event: 11.161 GC heap after
Heap after GC invocations=37 (full 6):
 PSYoungGen      total 117760K, used 10723K [0x00000000d5c00000, 0x00000000de100000, 0x0000000100000000)
  eden space 107008K, 0% used [0x00000000d5c00000,0x00000000d5c00000,0x00000000dc480000)
  from space 10752K, 99% used [0x00000000dc480000,0x00000000dcef8dc8,0x00000000dcf00000)
  to   space 12800K, 0% used [0x00000000dd480000,0x00000000dd480000,0x00000000de100000)
 ParOldGen       total 147968K, used 106114K [0x0000000081400000, 0x000000008a480000, 0x00000000d5c00000)
  object space 147968K, 71% used [0x0000000081400000,0x0000000087ba0a00,0x000000008a480000)
 Metaspace       used 62866K, capacity 66094K, committed 66352K, reserved 1105920K
  class space    used 8739K, capacity 9431K, committed 9520K, reserved 1048576K
}

