# JRE version: Java(TM) SE Runtime Environment (8.0_11-b12) (build 1.8.0_11-b12)
# Java VM: Java HotSpot(TM) 64-Bit Server VM (25.11-b03 mixed mode windows-amd64 compressed oops)
Heap:
 PSYoungGen      total 96768K, used 4290K [0x00000000d5c00000, 0x00000000dca00000, 0x0000000100000000)
  eden space 84480K, 5% used [0x00000000d5c00000,0x00000000d6030ab8,0x00000000dae80000)
  from space 12288K, 0% used [0x00000000dbe00000,0x00000000dbe00000,0x00000000dca00000)
  to   space 9728K, 0% used [0x00000000dae80000,0x00000000dae80000,0x00000000db800000)
 ParOldGen       total 146432K, used 128785K [0x0000000081400000, 0x000000008a300000, 0x00000000d5c00000)
  object space 146432K, 87% used [0x0000000081400000,0x00000000891c4418,0x000000008a300000)
 Metaspace       used 67339K, capacity 70750K, committed 70960K, reserved 1110016K
  class space    used 9292K, capacity 9999K, committed 10032K, reserved 1048576K
GC Heap History (10 events):
Event: 9.759 GC heap before
{Heap before GC invocations=45 (full 6):
 PSYoungGen      total 88576K, used 83942K [0x00000000d5c00000, 0x00000000dbd80000, 0x0000000100000000)
  eden space 81408K, 100% used [0x00000000d5c00000,0x00000000dab80000,0x00000000dab80000)
  from space 7168K, 35% used [0x00000000db680000,0x00000000db8f99a8,0x00000000dbd80000)
  to   space 9216K, 0% used [0x00000000dab80000,0x00000000dab80000,0x00000000db480000)
 ParOldGen       total 146432K, used 105388K [0x0000000081400000, 0x000000008a300000, 0x00000000d5c00000)
  object space 146432K, 71% used [0x0000000081400000,0x0000000087aeb0e0,0x000000008a300000)
 Metaspace       used 56194K, capacity 59278K, committed 59568K, reserved 1099776K
  class space    used 7693K, capacity 8331K, committed 8368K, reserved 1048576K
Event: 9.763 GC heap after
Heap after GC invocations=45 (full 6):
 PSYoungGen      total 90624K, used 3283K [0x00000000d5c00000, 0x00000000dc080000, 0x0000000100000000)
  eden space 81408K, 0% used [0x00000000d5c00000,0x00000000d5c00000,0x00000000dab80000)
  from space 9216K, 35% used [0x00000000dab80000,0x00000000daeb4c50,0x00000000db480000)
  to   space 8704K, 0% used [0x00000000db800000,0x00000000db800000,0x00000000dc080000)
 ParOldGen       total 146432K, used 105396K [0x0000000081400000, 0x000000008a300000, 0x00000000d5c00000)
  object space 146432K, 71% used [0x0000000081400000,0x0000000087aed0e0,0x000000008a300000)
 Metaspace       used 56194K, capacity 59278K, committed 59568K, reserved 1099776K
  class space    used 7693K, capacity 8331K, committed 8368K, reserved 1048576K
}
Event: 10.214 GC heap before
{Heap before GC invocations=46 (full 6):
 PSYoungGen      total 90624K, used 84691K [0x00000000d5c00000, 0x00000000dc080000, 0x0000000100000000)
  eden space 81408K, 100% used [0x00000000d5c00000,0x00000000dab80000,0x00000000dab80000)
  from space 9216K, 35% used [0x00000000dab80000,0x00000000daeb4c50,0x00000000db480000)
  to   space 8704K, 0% used [0x00000000db800000,0x00000000db800000,0x00000000dc080000)
 ParOldGen       total 146432K, used 105396K [0x0000000081400000, 0x000000008a300000, 0x00000000d5c00000)
  object space 146432K, 71% used [0x0000000081400000,0x0000000087aed0e0,0x000000008a300000)
 Metaspace       used 58852K, capacity 61902K, committed 62128K, reserved 1101824K
  class space    used 8128K, capacity 8765K, committed 8880K, reserved 1048576K
Event: 10.223 GC heap after
Heap after GC invocations=46 (full 6):
 PSYoungGen      total 93184K, used 7886K [0x00000000d5c00000, 0x00000000dc280000, 0x0000000100000000)
  eden space 84480K, 0% used [0x00000000d5c00000,0x00000000d5c00000,0x00000000dae80000)
  from space 8704K, 90% used [0x00000000db800000,0x00000000dbfb3848,0x00000000dc080000)
  to   space 9728K, 0% used [0x00000000dae80000,0x00000000dae80000,0x00000000db800000)
 ParOldGen       total 146432K, used 105404K [0x0000000081400000, 0x000000008a300000, 0x00000000d5c00000)
  object space 146432K, 71% used [0x0000000081400000,0x0000000087aef0e0,0x000000008a300000)
 Metaspace       used 58852K, capacity 61902K, committed 62128K, reserved 1101824K
  class space    used 8128K, capacity 8765K, committed 8880K, reserved 1048576K
}
Event: 11.068 GC heap before
{Heap before GC invocations=47 (full 6):
 PSYoungGen      total 93184K, used 92366K [0x00000000d5c00000, 0x00000000dc280000, 0x0000000100000000)
  eden space 84480K, 100% used [0x00000000d5c00000,0x00000000dae80000,0x00000000dae80000)
  from space 8704K, 90% used [0x00000000db800000,0x00000000dbfb3848,0x00000000dc080000)
  to   space 9728K, 0% used [0x00000000dae80000,0x00000000dae80000,0x00000000db800000)
 ParOldGen       total 146432K, used 105404K [0x0000000081400000, 0x000000008a300000, 0x00000000d5c00000)
  object space 146432K, 71% used [0x0000000081400000,0x0000000087aef0e0,0x000000008a300000)
 Metaspace       used 64378K, capacity 67614K, committed 67760K, reserved 1107968K
  class space    used 8952K, capacity 9633K, committed 9648K, reserved 1048576K
Event: 11.080 GC heap after
Heap after GC invocations=47 (full 6):
 PSYoungGen      total 94208K, used 9701K [0x00000000d5c00000, 0x00000000dca00000, 0x0000000100000000)
  eden space 84480K, 0% used [0x00000000d5c00000,0x00000000d5c00000,0x00000000dae80000)
  from space 9728K, 99% used [0x00000000dae80000,0x00000000db7f96f0,0x00000000db800000)
  to   space 12288K, 0% used [0x00000000dbe00000,0x00000000dbe00000,0x00000000dca00000)
 ParOldGen       total 146432K, used 108095K [0x0000000081400000, 0x000000008a300000, 0x00000000d5c00000)
  object space 146432K, 73% used [0x0000000081400000,0x0000000087d8fe60,0x000000008a300000)
 Metaspace       used 64378K, capacity 67614K, committed 67760K, reserved 1107968K
  class space    used 8952K, capacity 9633K, committed 9648K, reserved 1048576K
}
Event: 12.538 GC heap before
{Heap before GC invocations=48 (full 6):
 PSYoungGen      total 94208K, used 94181K [0x00000000d5c00000, 0x00000000dca00000, 0x0000000100000000)
  eden space 84480K, 100% used [0x00000000d5c00000,0x00000000dae80000,0x00000000dae80000)
  from space 9728K, 99% used [0x00000000dae80000,0x00000000db7f96f0,0x00000000db800000)
  to   space 12288K, 0% used [0x00000000dbe00000,0x00000000dbe00000,0x00000000dca00000)
 ParOldGen       total 146432K, used 108095K [0x0000000081400000, 0x000000008a300000, 0x00000000d5c00000)
  object space 146432K, 73% used [0x0000000081400000,0x0000000087d8fe60,0x000000008a300000)
 Metaspace       used 67338K, capacity 70738K, committed 70960K, reserved 1110016K
  class space    used 9300K, capacity 10013K, committed 10032K, reserved 1048576K
Event: 12.557 GC heap after
Heap after GC invocations=48 (full 6):
 PSYoungGen      total 96768K, used 12281K [0x00000000d5c00000, 0x00000000dca00000, 0x0000000100000000)
  eden space 84480K, 0% used [0x00000000d5c00000,0x00000000d5c00000,0x00000000dae80000)
  from space 12288K, 99% used [0x00000000dbe00000,0x00000000dc9fe7a0,0x00000000dca00000)
  to   space 9728K, 0% used [0x00000000dae80000,0x00000000dae80000,0x00000000db800000)
 ParOldGen       total 146432K, used 124615K [0x0000000081400000, 0x000000008a300000, 0x00000000d5c00000)
  object space 146432K, 85% used [0x0000000081400000,0x0000000088db1dc8,0x000000008a300000)
 Metaspace       used 67338K, capacity 70738K, committed 70960K, reserved 1110016K
  class space    used 9300K, capacity 10013K, committed 10032K, reserved 1048576K
}
Event: 12.557 GC heap before
{Heap before GC invocations=49 (full 7):
 PSYoungGen      total 96768K, used 12281K [0x00000000d5c00000, 0x00000000dca00000, 0x0000000100000000)
  eden space 84480K, 0% used [0x00000000d5c00000,0x00000000d5c00000,0x00000000dae80000)
  from space 12288K, 99% used [0x00000000dbe00000,0x00000000dc9fe7a0,0x00000000dca00000)
  to   space 9728K, 0% used [0x00000000dae80000,0x00000000dae80000,0x00000000db800000)
 ParOldGen       total 146432K, used 124615K [0x0000000081400000, 0x000000008a300000, 0x00000000d5c00000)
  object space 146432K, 85% used [0x0000000081400000,0x0000000088db1dc8,0x000000008a300000)
 Metaspace       used 67338K, capacity 70738K, committed 70960K, reserved 1110016K
  class space    used 9300K, capacity 10013K, committed 10032K, reserved 1048576K
Event: 12.713 GC heap after
Heap after GC invocations=49 (full 7):
 PSYoungGen      total 96768K, used 0K [0x00000000d5c00000, 0x00000000dca00000, 0x0000000100000000)
  eden space 84480K, 0% used [0x00000000d5c00000,0x00000000d5c00000,0x00000000dae80000)
  from space 12288K, 0% used [0x00000000dbe00000,0x00000000dbe00000,0x00000000dca00000)
  to   space 9728K, 0% used [0x00000000dae80000,0x00000000dae80000,0x00000000db800000)
 ParOldGen       total 146432K, used 128785K [0x0000000081400000, 0x000000008a300000, 0x00000000d5c00000)
  object space 146432K, 87% used [0x0000000081400000,0x00000000891c4418,0x000000008a300000)
 Metaspace       used 67316K, capacity 70686K, committed 70960K, reserved 1110016K
  class space    used 9292K, capacity 9999K, committed 10032K, reserved 1048576K
}

